<?xml version="1.0" encoding="UTF-8"?>
<robot generator="Robot 4.0.3 (Python 3.8.3 on win32)" generated="20210614 21:40:45.153" rpa="false" schemaversion="2">
<suite id="s1" name="Variables" source="C:\Projeto Robot Framework\PrimeExperts\Projetos\variables">
<suite id="s1-s1" name="Teste Variaveis" source="C:\Projeto Robot Framework\PrimeExperts\Projetos\variables\teste_variaveis.robot">
<test id="s1-s1-t1" name="Run|Debug">
<status status="FAIL" starttime="20210614 21:40:45.191" endtime="20210614 21:40:45.192">Test case contains no keywords.</status>
</test>
<test id="s1-s1-t2" name="Meu teste de impressão de mensagem no terminal">
<kw name="Logar no meu terminal uma mensagem">
<kw name="Log To Console" library="BuiltIn">
<arg>${\n}</arg>
<doc>Logs the given message to the console.</doc>
<status status="PASS" starttime="20210614 21:40:45.194" endtime="20210614 21:40:45.195"/>
</kw>
<kw name="Log To Console" library="BuiltIn">
<arg>${MENSAGEM}</arg>
<doc>Logs the given message to the console.</doc>
<status status="PASS" starttime="20210614 21:40:45.196" endtime="20210614 21:40:45.198"/>
</kw>
<status status="PASS" starttime="20210614 21:40:45.194" endtime="20210614 21:40:45.199"/>
</kw>
<status status="PASS" starttime="20210614 21:40:45.193" endtime="20210614 21:40:45.199"/>
</test>
<doc>Meu teste de variáveis</doc>
<status status="FAIL" starttime="20210614 21:40:45.187" endtime="20210614 21:40:45.201"/>
</suite>
<status status="FAIL" starttime="20210614 21:40:45.155" endtime="20210614 21:40:45.204"/>
</suite>
<statistics>
<total>
<stat pass="1" fail="1" skip="0">All Tests</stat>
</total>
<tag>
</tag>
<suite>
<stat pass="1" fail="1" skip="0" id="s1" name="Variables">Variables</stat>
<stat pass="1" fail="1" skip="0" id="s1-s1" name="Teste Variaveis">Variables.Teste Variaveis</stat>
</suite>
</statistics>
<errors>
</errors>
</robot>
